<?xml version="1.0" encoding="UTF-8"?>
<!-- Generated by org.testng.reporters.JUnitXMLReporter -->
<testsuite ignored="0" hostname="Stirunagaru" failures="0" tests="4" name="Test" time="6.152" errors="0" timestamp="2025-02-04T10:44:12 EST">
  <testcase classname="com.sdet.AppTest" name="testSumOfNumbers" time="0.009"/>
  <testcase classname="com.sdet.AppTest" name="testloginCredentials" time="0.007"/>
  <testcase classname="com.sdet.TC_Login" name="Login_Test" time="2.575"/>
  <testcase classname="com.sdet.LoginAutomation" name="login" time="3.529"/>
</testsuite> <!-- Test -->
