<?xml version="1.0" encoding="UTF-8"?>
<testng-results ignored="0" total="3" passed="3" failed="0" skipped="0">
  <reporter-output>
  </reporter-output>
  <suite started-at="2025-02-03T23:45:31 EST" name="Suite" finished-at="2025-02-03T23:45:34 EST" duration-ms="2670">
    <groups>
    </groups>
    <test started-at="2025-02-03T23:45:31 EST" name="Test" finished-at="2025-02-03T23:45:34 EST" duration-ms="2670">
      <class name="com.sdet.TC_Login">
        <test-method signature="Login_Test()[pri:0, instance:com.sdet.TC_Login@5c30a9b0]" started-at="2025-02-03T23:45:31 EST" name="Login_Test" finished-at="2025-02-03T23:45:34 EST" duration-ms="2629" status="PASS">
          <reporter-output>
          </reporter-output>
        </test-method> <!-- Login_Test -->
      </class> <!-- com.sdet.TC_Login -->
      <class name="com.sdet.AppTest">
        <test-method signature="testlogin1()[pri:0, instance:com.sdet.AppTest@7e0b85f9]" started-at="2025-02-03T23:45:31 EST" name="testlogin1" finished-at="2025-02-03T23:45:31 EST" duration-ms="8" status="PASS">
          <reporter-output>
          </reporter-output>
        </test-method> <!-- testlogin1 -->
        <test-method signature="testlogin22()[pri:0, instance:com.sdet.AppTest@7e0b85f9]" started-at="2025-02-03T23:45:31 EST" name="testlogin22" finished-at="2025-02-03T23:45:31 EST" duration-ms="1" status="PASS">
          <reporter-output>
          </reporter-output>
        </test-method> <!-- testlogin22 -->
      </class> <!-- com.sdet.AppTest -->
    </test> <!-- Test -->
  </suite> <!-- Suite -->
</testng-results>
