<?xml version="1.0" encoding="UTF-8"?>
<testng-results ignored="0" total="1" passed="1" failed="0" skipped="0">
  <reporter-output>
  </reporter-output>
  <suite started-at="2025-02-04T11:04:35 EST" name="Default suite" finished-at="2025-02-04T11:04:47 EST" duration-ms="11919">
    <groups>
    </groups>
    <test started-at="2025-02-04T11:04:35 EST" name="Default test" finished-at="2025-02-04T11:04:47 EST" duration-ms="11919">
      <class name="com.sdet.ScrollAction">
        <test-method signature="myScroll()[pri:0, instance:com.sdet.ScrollAction@3d51f06e]" started-at="2025-02-04T11:04:35 EST" name="myScroll" finished-at="2025-02-04T11:04:47 EST" duration-ms="11895" status="PASS">
          <reporter-output>
          </reporter-output>
        </test-method> <!-- myScroll -->
      </class> <!-- com.sdet.ScrollAction -->
    </test> <!-- Default test -->
  </suite> <!-- Default suite -->
</testng-results>
