<?xml version="1.0" encoding="UTF-8"?>
<testng-results ignored="0" total="2" passed="2" failed="0" skipped="0">
  <reporter-output>
  </reporter-output>
  <suite started-at="2025-02-04T09:53:03 EST" name="Default suite" finished-at="2025-02-04T09:53:03 EST" duration-ms="46">
    <groups>
    </groups>
    <test started-at="2025-02-04T09:53:03 EST" name="Default test" finished-at="2025-02-04T09:53:03 EST" duration-ms="46">
      <class name="com.sdet.AppTest">
        <test-method signature="testlogin1()[pri:0, instance:com.sdet.AppTest@3daa422a]" started-at="2025-02-04T09:53:03 EST" name="testlogin1" finished-at="2025-02-04T09:53:03 EST" duration-ms="13" status="PASS">
          <reporter-output>
          </reporter-output>
        </test-method> <!-- testlogin1 -->
        <test-method signature="testlogin22()[pri:0, instance:com.sdet.AppTest@3daa422a]" started-at="2025-02-04T09:53:03 EST" name="testlogin22" finished-at="2025-02-04T09:53:03 EST" duration-ms="1" status="PASS">
          <reporter-output>
          </reporter-output>
        </test-method> <!-- testlogin22 -->
      </class> <!-- com.sdet.AppTest -->
    </test> <!-- Default test -->
  </suite> <!-- Default suite -->
</testng-results>
